<?xml version="1.0" encoding="UTF-8"?>
<!-- Generated by org.testng.reporters.JUnitReportReporter -->
<testsuite hostname="DESKTOP-DSEA4EC" failures="0" tests="4" name="com.qa.opencart.tests.RegistrationPageTest" time="81.753" errors="0" timestamp="06 Mar 2021 22:18:47 GMT" skipped="0">
  <testcase classname="com.qa.opencart.tests.RegistrationPageTest" name="userRegisterTest" time="21.271"/>
  <testcase classname="com.qa.opencart.tests.RegistrationPageTest" name="userRegisterTest" time="20.067"/>
  <testcase classname="com.qa.opencart.tests.RegistrationPageTest" name="userRegisterTest" time="20.161"/>
  <testcase classname="com.qa.opencart.tests.RegistrationPageTest" name="userRegisterTest" time="20.254"/>
</testsuite> <!-- com.qa.opencart.tests.RegistrationPageTest -->
