<?xml version="1.0" encoding="UTF-8"?>
<!-- Generated by org.testng.reporters.JUnitReportReporter -->
<testsuite hostname="DESKTOP-DSEA4EC" failures="0" tests="3" name="com.qa.opencart.tests.LoginPageTest" time="1.647" errors="0" timestamp="08 Mar 2021 18:48:21 GMT" skipped="0">
  <testcase classname="com.qa.opencart.tests.LoginPageTest" name="loginPageTitleTest" time="0.034"/>
  <testcase classname="com.qa.opencart.tests.LoginPageTest" name="forgotPwdLinkTest" time="0.168"/>
  <testcase classname="com.qa.opencart.tests.LoginPageTest" name="loginTest" time="1.445"/>
</testsuite> <!-- com.qa.opencart.tests.LoginPageTest -->
