<?xml version="1.0" encoding="UTF-8"?>
<!-- Generated by org.testng.reporters.JUnitReportReporter -->
<testsuite hostname="DESKTOP-DSEA4EC" failures="0" tests="1" name="com.qa.opencart.tests.ProductInfoPageTest" time="2.373" errors="0" timestamp="08 Mar 2021 18:48:21 GMT" skipped="0">
  <testcase classname="com.qa.opencart.tests.ProductInfoPageTest" name="productInfoDataTest" time="2.373"/>
</testsuite> <!-- com.qa.opencart.tests.ProductInfoPageTest -->
