<?xml version="1.0" encoding="UTF-8"?>
<!-- Generated by org.testng.reporters.JUnitReportReporter -->
<testsuite skipped="0" hostname="DESKTOP-DSEA4EC" name="com.qa.opencart.base.AccountsPageTest" tests="6" failures="0" timestamp="08 Mar 2021 19:35:12 GMT" time="3.252" errors="0">
  <testcase name="accPageTitleTest" time="0.022" classname="com.qa.opencart.base.AccountsPageTest"/>
  <testcase name="accPageLogoTest" time="0.087" classname="com.qa.opencart.base.AccountsPageTest"/>
  <testcase name="accPageSectionsCountTest" time="0.030" classname="com.qa.opencart.base.AccountsPageTest"/>
  <testcase name="accPageSectionsTest" time="0.110" classname="com.qa.opencart.base.AccountsPageTest"/>
  <testcase name="searchTest" time="0.839" classname="com.qa.opencart.base.AccountsPageTest"/>
  <testcase name="selectProductTest" time="2.164" classname="com.qa.opencart.base.AccountsPageTest"/>
</testsuite> <!-- com.qa.opencart.base.AccountsPageTest -->
