<?xml version="1.0" encoding="UTF-8"?>
<!-- Generated by org.testng.reporters.JUnitReportReporter -->
<testsuite skipped="0" hostname="DESKTOP-DSEA4EC" name="com.qa.opencart.tests.LoginPageTest" tests="3" failures="0" timestamp="08 Mar 2021 19:35:12 GMT" time="1.797" errors="0">
  <testcase name="loginPageTitleTest" time="0.158" classname="com.qa.opencart.tests.LoginPageTest"/>
  <testcase name="forgotPwdLinkTest" time="0.160" classname="com.qa.opencart.tests.LoginPageTest"/>
  <testcase name="loginTest" time="1.479" classname="com.qa.opencart.tests.LoginPageTest"/>
</testsuite> <!-- com.qa.opencart.tests.LoginPageTest -->
