<?xml version="1.0" encoding="UTF-8"?>
<!-- Generated by org.testng.reporters.JUnitReportReporter -->
<testsuite skipped="0" hostname="DESKTOP-DSEA4EC" name="com.qa.opencart.tests.ProductInfoPageTest" tests="1" failures="0" timestamp="08 Mar 2021 19:35:12 GMT" time="2.445" errors="0">
  <testcase name="productInfoDataTest" time="2.445" classname="com.qa.opencart.tests.ProductInfoPageTest"/>
</testsuite> <!-- com.qa.opencart.tests.ProductInfoPageTest -->
